TN:
SF:src\adapter\http\authRoutes.ts
FN:12,(anonymous_1)
FNF:1
FNH:1
FNDA:7,(anonymous_1)
DA:1,4
DA:2,4
DA:3,4
DA:4,4
DA:5,4
DA:7,4
DA:8,4
DA:9,4
DA:10,4
DA:12,4
DA:13,7
DA:14,7
DA:15,7
DA:16,7
DA:17,2
DA:19,5
DA:23,4
LF:17
LH:17
BRDA:19,0,0,5
BRDA:19,0,1,0
BRF:2
BRH:1
end_of_record
TN:
SF:src\adapter\http\userRoutes.ts
FN:16,userRoutes
FN:25,(anonymous_2)
FN:41,(anonymous_3)
FN:46,(anonymous_4)
FN:58,(anonymous_5)
FN:80,(anonymous_6)
FN:98,(anonymous_7)
FNF:7
FNH:7
FNDA:4,userRoutes
FNDA:4,(anonymous_2)
FNDA:1,(anonymous_3)
FNDA:4,(anonymous_4)
FNDA:5,(anonymous_5)
FNDA:3,(anonymous_6)
FNDA:4,(anonymous_7)
DA:1,4
DA:2,4
DA:3,4
DA:4,4
DA:5,4
DA:6,4
DA:7,4
DA:9,4
DA:10,4
DA:11,4
DA:16,4
DA:17,4
DA:18,4
DA:19,4
DA:22,4
DA:26,4
DA:27,4
DA:28,4
DA:29,4
DA:35,0
DA:41,4
DA:42,1
DA:43,1
DA:44,1
DA:45,1
DA:46,4
DA:51,1
DA:53,0
DA:58,4
DA:59,5
DA:60,5
DA:61,5
DA:62,5
DA:63,3
DA:64,3
DA:66,2
DA:72,0
DA:77,4
DA:81,3
DA:82,3
DA:83,3
DA:84,2
DA:90,1
DA:98,4
DA:99,4
DA:100,4
DA:101,4
DA:102,4
DA:104,0
DA:110,4
LF:50
LH:46
BRDA:62,0,0,3
BRF:1
BRH:1
end_of_record
TN:
SF:src\shared\middlewares\validateSchema.ts
FN:4,(anonymous_0)
FN:5,(anonymous_1)
FN:11,(anonymous_2)
FNF:3
FNH:3
FNDA:10,(anonymous_0)
FNDA:11,(anonymous_1)
FNDA:8,(anonymous_2)
DA:4,5
DA:5,10
DA:6,11
DA:8,11
DA:9,3
DA:11,8
DA:16,3
DA:19,8
DA:20,8
LF:9
LH:9
BRDA:8,0,0,3
BRF:1
BRH:1
end_of_record
TN:
SF:src\user\application\CreateUser.ts
FN:9,(anonymous_0)
FN:15,(anonymous_1)
FNF:2
FNH:2
FNDA:5,(anonymous_0)
FNDA:7,(anonymous_1)
DA:3,5
DA:6,5
DA:8,5
DA:10,5
DA:11,5
DA:12,5
DA:16,7
DA:18,6
DA:20,6
DA:22,6
DA:31,5
LF:11
LH:11
BRF:0
BRH:0
end_of_record
TN:
SF:src\user\application\DeleteUser.ts
FN:4,(anonymous_0)
FN:6,(anonymous_1)
FNF:2
FNH:2
FNDA:6,(anonymous_0)
FNDA:6,(anonymous_1)
DA:3,5
DA:4,6
DA:7,6
LF:3
LH:3
BRF:0
BRH:0
end_of_record
TN:
SF:src\user\application\GetUser.ts
FN:5,(anonymous_0)
FN:7,(anonymous_1)
FNF:2
FNH:2
FNDA:7,(anonymous_0)
FNDA:7,(anonymous_1)
DA:4,5
DA:5,7
DA:8,7
LF:3
LH:3
BRF:0
BRH:0
end_of_record
TN:
SF:src\user\application\LoginUser.ts
FN:8,(anonymous_0)
FN:14,(anonymous_1)
FNF:2
FNH:2
FNDA:8,(anonymous_0)
FNDA:10,(anonymous_1)
DA:5,5
DA:7,5
DA:9,8
DA:10,8
DA:11,8
DA:15,10
DA:16,9
DA:18,9
DA:20,6
DA:21,6
DA:23,3
DA:29,3
LF:12
LH:12
BRDA:18,0,0,3
BRDA:21,1,0,3
BRF:2
BRH:2
end_of_record
TN:
SF:src\user\application\SearchUsers.ts
FN:5,(anonymous_0)
FN:7,(anonymous_1)
FNF:2
FNH:2
FNDA:4,(anonymous_0)
FNDA:4,(anonymous_1)
DA:4,5
DA:5,4
DA:8,4
LF:3
LH:3
BRF:0
BRH:0
end_of_record
TN:
SF:src\user\application\UpdateUser.ts
FN:8,(anonymous_0)
FN:13,(anonymous_1)
FNF:2
FNH:2
FNDA:4,(anonymous_0)
FNDA:6,(anonymous_1)
DA:3,5
DA:5,5
DA:7,5
DA:9,4
DA:10,4
DA:14,6
DA:15,6
DA:17,5
DA:18,5
DA:19,5
DA:23,5
DA:30,5
LF:12
LH:12
BRDA:15,0,0,1
BRDA:17,1,0,5
BRDA:17,1,1,0
BRDA:18,2,0,4
BRDA:18,2,1,1
BRDA:19,3,0,3
BRDA:19,3,1,2
BRF:7
BRH:6
end_of_record
TN:
SF:src\user\domain\User.ts
FN:6,(anonymous_0)
FN:13,(anonymous_1)
FN:24,(anonymous_2)
FN:38,(anonymous_3)
FNF:4
FNH:4
FNDA:60,(anonymous_0)
FNDA:6,(anonymous_1)
FNDA:54,(anonymous_2)
FNDA:14,(anonymous_3)
DA:2,10
DA:3,10
DA:5,10
DA:7,60
DA:8,60
DA:9,60
DA:10,60
DA:19,6
DA:20,6
DA:21,6
DA:30,54
DA:39,14
LF:12
LH:12
BRF:0
BRH:0
end_of_record
TN:
SF:src\user\domain\value-objects\Email.ts
FN:4,(anonymous_0)
FN:11,(anonymous_1)
FNF:2
FNH:2
FNDA:81,(anonymous_0)
FNDA:56,(anonymous_1)
DA:1,11
DA:5,81
DA:6,3
DA:8,78
DA:12,56
LF:5
LH:5
BRDA:5,0,0,3
BRF:1
BRH:1
end_of_record
TN:
SF:src\user\domain\value-objects\Password.ts
FN:4,(anonymous_0)
FN:8,(anonymous_1)
FN:12,(anonymous_2)
FNF:3
FNH:3
FNDA:62,(anonymous_0)
FNDA:62,(anonymous_1)
FNDA:28,(anonymous_2)
DA:1,11
DA:5,62
DA:9,62
DA:13,28
LF:4
LH:4
BRF:0
BRH:0
end_of_record
TN:
SF:src\user\infrastructure\UserRabbitMQPublisher.ts
FN:7,(anonymous_1)
FN:12,(anonymous_2)
FN:18,(anonymous_3)
FNF:3
FNH:3
FNDA:7,(anonymous_1)
FNDA:6,(anonymous_2)
FNDA:6,(anonymous_3)
DA:1,5
DA:4,5
DA:8,7
DA:9,7
DA:13,6
DA:14,6
DA:15,6
DA:19,6
DA:20,5
DA:21,5
LF:10
LH:10
BRDA:8,0,0,4
BRDA:9,1,0,4
BRDA:9,2,0,4
BRDA:9,2,1,0
BRDA:19,3,0,1
BRF:5
BRH:4
end_of_record
TN:
SF:src\user\infrastructure\UserRepositoryPostgreSQLPrisma.ts
FN:9,(anonymous_0)
FN:11,(anonymous_1)
FN:26,(anonymous_2)
FN:41,(anonymous_3)
FN:46,(anonymous_4)
FN:62,(anonymous_5)
FN:66,(anonymous_6)
FNF:7
FNH:7
FNDA:9,(anonymous_0)
FNDA:11,(anonymous_1)
FNDA:3,(anonymous_2)
FNDA:10,(anonymous_3)
FNDA:3,(anonymous_4)
FNDA:5,(anonymous_5)
FNDA:8,(anonymous_6)
DA:1,5
DA:2,5
DA:6,5
DA:8,5
DA:12,11
DA:13,11
DA:15,11
DA:23,11
DA:27,3
DA:38,3
DA:42,10
DA:43,10
DA:47,3
DA:48,3
DA:50,3
DA:59,3
DA:63,5
DA:67,8
DA:71,8
LF:19
LH:19
BRDA:28,0,0,1
BRDA:28,0,1,2
BRDA:43,1,0,5
BRDA:43,1,1,5
BRDA:71,2,0,5
BRDA:71,2,1,3
BRF:6
BRH:6
end_of_record
TN:
SF:src\user\infrastructure\auth\JwtService.ts
FN:6,(anonymous_1)
FN:10,(anonymous_2)
FNF:2
FNH:2
FNDA:4,(anonymous_1)
FNDA:2,(anonymous_2)
DA:1,5
DA:3,5
DA:5,5
DA:7,4
DA:11,2
LF:5
LH:5
BRDA:3,0,0,5
BRDA:3,0,1,1
BRF:2
BRH:2
end_of_record
TN:
SF:src\user\infrastructure\security\BcryptService.ts
FN:5,(anonymous_1)
FN:9,(anonymous_2)
FNF:2
FNH:2
FNDA:8,(anonymous_1)
FNDA:6,(anonymous_2)
DA:1,5
DA:4,5
DA:6,8
DA:10,6
LF:4
LH:4
BRF:0
BRH:0
end_of_record
TN:
SF:src\user\infrastructure\validators\UserValidator.ts
FNF:0
FNH:0
DA:1,5
DA:3,5
DA:9,5
LF:3
LH:3
BRF:0
BRH:0
end_of_record
